TN:
SF:src/pocket.ts
FN:9,BaseNode
FN:14,setParams
FN:18,clone
FN:27,addSuccessor
FN:36,getSuccessor
FN:55,execWrapper
FN:72,run
FN:85,RetryNode
FN:91,execWrapper
FN:107,Flow
FN:112,_clone
FN:118,getStartNode
FN:123,execCore
FN:127,prep
FN:131,orchestrate
FN:140,run
FN:149,post
FN:155,prep
FN:159,run
FN:172,post
FNF:20
FNH:19
FNDA:127,BaseNode
FNDA:77,setParams
FNDA:77,clone
FNDA:21,addSuccessor
FNDA:77,getSuccessor
FNDA:71,execWrapper
FNDA:74,run
FNDA:2,RetryNode
FNDA:2,execWrapper
FNDA:22,Flow
FNDA:6,_clone
FNDA:54,getStartNode
FNDA:1,execCore
FNDA:14,prep
FNDA:54,orchestrate
FNDA:14,run
FNDA:14,post
FNDA:0,prep
FNDA:1,run
FNDA:1,post
DA:1,1
DA:2,1
DA:3,1
DA:4,1
DA:5,1
DA:6,1
DA:7,1
DA:8,1
DA:9,1
DA:10,127
DA:11,127
DA:12,127
DA:13,1
DA:14,1
DA:15,77
DA:16,77
DA:17,1
DA:18,1
DA:19,77
DA:20,77
DA:21,77
DA:22,77
DA:23,77
DA:24,1
DA:25,1
DA:26,1
DA:27,1
DA:28,21
DA:29,1
DA:30,1
DA:31,20
DA:32,20
DA:33,20
DA:34,20
DA:35,1
DA:36,1
DA:37,77
DA:38,54
DA:39,54
DA:40,23
DA:41,23
DA:42,23
DA:43,23
DA:44,1
DA:45,1
DA:46,1
DA:47,1
DA:48,1
DA:49,1
DA:50,1
DA:51,1
DA:52,1
DA:53,1
DA:54,1
DA:55,1
DA:56,71
DA:57,71
DA:58,1
DA:59,1
DA:60,1
DA:61,1
DA:62,1
DA:63,1
DA:64,1
DA:65,1
DA:66,1
DA:67,1
DA:68,1
DA:69,1
DA:70,1
DA:71,1
DA:72,1
DA:73,74
DA:74,73
DA:75,72
DA:76,72
DA:77,72
DA:78,72
DA:79,1
DA:80,1
DA:81,1
DA:82,1
DA:83,1
DA:84,1
DA:85,1
DA:86,2
DA:87,2
DA:88,2
DA:89,2
DA:90,1
DA:91,1
DA:92,2
DA:93,5
DA:94,5
DA:95,5
DA:96,4
DA:97,4
DA:98,5
DA:99,4
DA:100,4
DA:101,4
DA:102,1
DA:103,1
DA:104,1
DA:105,1
DA:106,1
DA:107,1
DA:108,22
DA:109,22
DA:110,22
DA:111,1
DA:112,1
DA:113,6
DA:114,6
DA:115,6
DA:116,6
DA:117,1
DA:118,1
DA:119,54
DA:120,54
DA:121,54
DA:122,1
DA:123,1
DA:124,1
DA:125,1
DA:126,1
DA:127,1
DA:128,14
DA:129,14
DA:130,1
DA:131,1
DA:132,54
DA:133,54
DA:134,77
DA:135,77
DA:136,77
DA:137,77
DA:138,54
DA:139,1
DA:140,1
DA:141,14
DA:142,14
DA:143,14
DA:144,14
DA:145,14
DA:146,14
DA:147,14
DA:148,1
DA:149,1
DA:150,14
DA:151,14
DA:152,1
DA:153,1
DA:154,1
DA:155,1
DA:156,0
DA:157,0
DA:158,1
DA:159,1
DA:160,1
DA:161,1
DA:162,1
DA:163,1
DA:164,40
DA:165,40
DA:166,40
DA:167,1
DA:168,1
DA:169,1
DA:170,1
DA:171,1
DA:172,1
DA:173,1
DA:174,1
DA:175,1
LF:175
LH:173
BRDA:9,0,0,127
BRDA:14,1,0,77
BRDA:18,2,0,77
BRDA:27,3,0,21
BRDA:28,4,0,1
BRDA:31,5,0,20
BRDA:36,6,0,77
BRDA:37,7,0,54
BRDA:40,8,0,23
BRDA:55,9,0,71
BRDA:72,10,0,74
BRDA:74,11,0,73
BRDA:75,12,0,72
BRDA:85,13,0,2
BRDA:91,14,0,2
BRDA:92,15,0,5
BRDA:95,16,0,4
BRDA:99,17,0,4
BRDA:96,18,0,4
BRDA:107,19,0,22
BRDA:112,20,0,6
BRDA:118,21,0,54
BRDA:123,22,0,1
BRDA:127,23,0,14
BRDA:131,24,0,54
BRDA:133,25,0,77
BRDA:134,26,0,40
BRDA:134,27,0,37
BRDA:140,28,0,14
BRDA:149,29,0,14
BRDA:159,30,0,1
BRDA:163,31,0,40
BRDA:172,32,0,1
BRF:33
BRH:33
end_of_record
TN:
SF:tests/testNodes.ts
FN:4,prep
FN:8,_clone
FN:12,execCore
FN:16,post
FN:23,WordNode
FN:28,_clone
FN:32,execCore
FN:36,post
FN:40,prep
FNF:9
FNH:9
FNDA:1,prep
FNDA:1,_clone
FNDA:1,execCore
FNDA:1,post
FNDA:4,WordNode
FNDA:1,_clone
FNDA:1,execCore
FNDA:1,post
FNDA:1,prep
DA:1,1
DA:2,1
DA:3,1
DA:4,1
DA:5,1
DA:6,1
DA:7,1
DA:8,1
DA:9,1
DA:10,1
DA:11,1
DA:12,1
DA:13,1
DA:14,1
DA:15,1
DA:16,1
DA:17,1
DA:18,1
DA:19,1
DA:20,1
DA:21,1
DA:22,1
DA:23,1
DA:24,4
DA:25,4
DA:26,4
DA:27,1
DA:28,1
DA:29,1
DA:30,1
DA:31,1
DA:32,1
DA:33,1
DA:34,1
DA:35,1
DA:36,1
DA:37,1
DA:38,1
DA:39,1
DA:40,1
DA:41,1
DA:42,1
DA:43,1
LF:43
LH:43
BRDA:4,0,0,1
BRDA:8,1,0,1
BRDA:12,2,0,1
BRDA:16,3,0,1
BRDA:23,4,0,4
BRDA:28,5,0,1
BRDA:32,6,0,1
BRDA:36,7,0,1
BRDA:40,8,0,1
BRF:9
BRH:9
end_of_record
